[lun sep 23 12:34:01 -03 2019]Respaldando archivos WEB 'lun sep 23 12:34:01 -03 2019-backupWEB.tar.gz'
[lun sep 23 12:34:04 -03 2019]Completado correctamente
[lun sep 23 12:34:04 -03 2019]Se ha enviado el archivo correctamente por SFTP
[lun sep 23 12:34:07 -03 2019]Enviando mail con resultado
[lun sep 23 12:34:07 -03 2019]Envio completado
[lun sep 23 12:35:01 -03 2019]Respaldando archivos WEB 'lun sep 23 12:35:01 -03 2019-backupWEB.tar.gz'
[lun sep 23 12:35:03 -03 2019]Completado correctamente
[lun sep 23 12:35:03 -03 2019]Se ha enviado el archivo correctamente por SFTP
[lun sep 23 12:35:06 -03 2019]Enviando mail con resultado
[lun sep 23 12:35:06 -03 2019]Envio completado
[lun sep 23 12:36:01 -03 2019]Respaldando archivos WEB 'lun sep 23 12:36:01 -03 2019-backupWEB.tar.gz'
[lun sep 23 12:36:04 -03 2019]Completado correctamente
[lun sep 23 12:36:04 -03 2019]Se ha enviado el archivo correctamente por SFTP
[lun sep 23 12:36:09 -03 2019]Enviando mail con resultado
[lun sep 23 12:36:09 -03 2019]Envio completado
[lun sep 23 12:37:02 -03 2019]Respaldando archivos WEB 'lun sep 23 12:37:02 -03 2019-backupWEB.tar.gz'
[lun sep 23 12:37:04 -03 2019]Completado correctamente
[lun sep 23 12:37:04 -03 2019]Se ha enviado el archivo correctamente por SFTP
[lun sep 23 12:37:07 -03 2019]Enviando mail con resultado
[lun sep 23 12:37:07 -03 2019]Envio completado
