[lun sep 23 12:28:01 -03 2019]Importando base de datos en 'lun sep 23 12:28:01 -03 2019-backup.sql'
[lun sep 23 12:28:01 -03 2019]Completado correctamente
[lun sep 23 12:28:01 -03 2019]Se ha enviado el archivo correctamente por SFTP
[lun sep 23 12:28:02 -03 2019]Enviando mail con resultado
[lun sep 23 12:28:02 -03 2019]Envio completado
[lun sep 23 12:29:02 -03 2019]Importando base de datos en 'lun sep 23 12:29:02 -03 2019-backup.sql'
[lun sep 23 12:29:02 -03 2019]Completado correctamente
[lun sep 23 12:29:02 -03 2019]Se ha enviado el archivo correctamente por SFTP
[lun sep 23 12:29:02 -03 2019]Enviando mail con resultado
[lun sep 23 12:29:02 -03 2019]Envio completado
[lun sep 23 12:30:02 -03 2019]Importando base de datos en 'lun sep 23 12:30:02 -03 2019-backup.sql'
[lun sep 23 12:30:02 -03 2019]Completado correctamente
[lun sep 23 12:30:02 -03 2019]Se ha enviado el archivo correctamente por SFTP
[lun sep 23 12:30:02 -03 2019]Enviando mail con resultado
[lun sep 23 12:30:02 -03 2019]Envio completado
[lun sep 23 12:31:01 -03 2019]Importando base de datos en 'lun sep 23 12:31:01 -03 2019-backup.sql'
[lun sep 23 12:31:01 -03 2019]Completado correctamente
[lun sep 23 12:31:01 -03 2019]Se ha enviado el archivo correctamente por SFTP
[lun sep 23 12:31:02 -03 2019]Enviando mail con resultado
[lun sep 23 12:31:02 -03 2019]Envio completado
[lun sep 23 12:32:02 -03 2019]Importando base de datos en 'lun sep 23 12:32:02 -03 2019-backup.sql'
[lun sep 23 12:32:02 -03 2019]Completado correctamente
[lun sep 23 12:32:02 -03 2019]Se ha enviado el archivo correctamente por SFTP
[lun sep 23 12:32:02 -03 2019]Enviando mail con resultado
[lun sep 23 12:32:02 -03 2019]Envio completado
[lun sep 23 12:33:01 -03 2019]Importando base de datos en 'lun sep 23 12:33:01 -03 2019-backup.sql'
[lun sep 23 12:33:01 -03 2019]Completado correctamente
[lun sep 23 12:33:01 -03 2019]Se ha enviado el archivo correctamente por SFTP
[lun sep 23 12:33:02 -03 2019]Enviando mail con resultado
[lun sep 23 12:33:02 -03 2019]Envio completado
[lun sep 23 12:34:01 -03 2019]Importando base de datos en 'lun sep 23 12:34:01 -03 2019-backup.sql'
[lun sep 23 12:34:01 -03 2019]Completado correctamente
[lun sep 23 12:34:01 -03 2019]Se ha enviado el archivo correctamente por SFTP
[lun sep 23 12:34:02 -03 2019]Enviando mail con resultado
[lun sep 23 12:34:02 -03 2019]Envio completado
[lun sep 23 12:35:01 -03 2019]Importando base de datos en 'lun sep 23 12:35:01 -03 2019-backup.sql'
[lun sep 23 12:35:01 -03 2019]Completado correctamente
[lun sep 23 12:35:01 -03 2019]Se ha enviado el archivo correctamente por SFTP
[lun sep 23 12:35:02 -03 2019]Enviando mail con resultado
[lun sep 23 12:35:02 -03 2019]Envio completado
[lun sep 23 12:36:01 -03 2019]Importando base de datos en 'lun sep 23 12:36:01 -03 2019-backup.sql'
[lun sep 23 12:36:01 -03 2019]Completado correctamente
[lun sep 23 12:36:01 -03 2019]Se ha enviado el archivo correctamente por SFTP
[lun sep 23 12:36:02 -03 2019]Enviando mail con resultado
[lun sep 23 12:36:02 -03 2019]Envio completado
[lun sep 23 12:37:02 -03 2019]Importando base de datos en 'lun sep 23 12:37:02 -03 2019-backup.sql'
[lun sep 23 12:37:02 -03 2019]Completado correctamente
[lun sep 23 12:37:02 -03 2019]Se ha enviado el archivo correctamente por SFTP
[lun sep 23 12:37:02 -03 2019]Enviando mail con resultado
[lun sep 23 12:37:02 -03 2019]Envio completado
